<?xml version="1.0" encoding="UTF-8"?>
<testsuite name="com.drivenshare.traveservice.TraveServiceApplicationTests" tests="1" skipped="0" failures="0" errors="0" timestamp="2024-03-16T18:33:32" hostname="DESKTOP-LB48RT0" time="1.057">
  <properties/>
  <testcase name="contextLoads()" classname="com.drivenshare.traveservice.TraveServiceApplicationTests" time="1.057"/>
  <system-out><![CDATA[19:33:30.507 [Test worker] INFO org.springframework.test.context.support.AnnotationConfigContextLoaderUtils -- Could not detect default configuration classes for test class [com.drivenshare.traveservice.TraveServiceApplicationTests]: TraveServiceApplicationTests does not declare any static, non-private, non-final, nested classes annotated with @Configuration.
19:33:30.641 [Test worker] INFO org.springframework.boot.test.context.SpringBootTestContextBootstrapper -- Found @SpringBootConfiguration com.drivenshare.traveservice.TraveServiceApplication for test class com.drivenshare.traveservice.TraveServiceApplicationTests

  .   ____          _            __ _ _
 /\\ / ___'_ __ _ _(_)_ __  __ _ \ \ \ \
( ( )\___ | '_ | '_| | '_ \/ _` | \ \ \ \
 \\/  ___)| |_)| | | | | || (_| |  ) ) ) )
  '  |____| .__|_| |_|_| |_\__, | / / / /
 =========|_|==============|___/=/_/_/_/
 :: Spring Boot ::                (v3.2.3)

2024-03-16T19:33:31.142+01:00  INFO 12724 --- [    Test worker] c.d.t.TraveServiceApplicationTests       : Starting TraveServiceApplicationTests using Java 17.0.4.1 with PID 12724 (started by Georgi in C:\Users\Georgi\Desktop\Semester 6 Individual\Drive-n-Share\travel-service)
2024-03-16T19:33:31.144+01:00  INFO 12724 --- [    Test worker] c.d.t.TraveServiceApplicationTests       : No active profile set, falling back to 1 default profile: "default"
2024-03-16T19:33:32.740+01:00  INFO 12724 --- [    Test worker] c.d.t.TraveServiceApplicationTests       : Started TraveServiceApplicationTests in 1.886 seconds (process running for 3.984)
]]></system-out>
  <system-err><![CDATA[]]></system-err>
</testsuite>
